
SQL*Loader: Release 18.0.0.0.0 - Production on Thu Jan 5 14:24:11 2023
Version 18.4.0.0.0

Copyright (c) 1982, 2019, Oracle and/or its affiliates.  All rights reserved.

Control File:   control.ctl
Data File:      C:\Users\vera\Desktop\oracle\ад\Laboratory work 18\vera.txt
  Bad File:     vera.bad
  Discard File:  none specified
 
 (Allow all discards)

Number to load: ALL
Number to skip: 0
Errors allowed: 50
Bind array:     250 rows, maximum of 1048576 bytes
Continuation:    none specified
Path used:      Conventional

Table LAB18, loaded from every logical record.
Insert option in effect for this table: REPLACE

   Column Name                  Position   Len  Term Encl Datatype
------------------------------ ---------- ----- ---- ---- ---------------------
INTEGERVALUE                        FIRST     *   ,       CHARACTER            
    SQL string for column : "round(:integervalue, 2)"
CHARVALUE                            NEXT     *   ,       CHARACTER            
    SQL string for column : "upper(:charvalue)"
DATEVALUE                            NEXT     *   ,       DATE YYYY-MM-DD      


Table LAB18:
  19 Rows successfully loaded.
  0 Rows not loaded due to data errors.
  0 Rows not loaded because all WHEN clauses were failed.
  0 Rows not loaded because all fields were null.


Space allocated for bind array:                 193500 bytes(250 rows)
Read   buffer bytes: 1048576

Total logical records skipped:          0
Total logical records read:            19
Total logical records rejected:         0
Total logical records discarded:        0

Run began on Thu Jan 05 14:24:11 2023
Run ended on Thu Jan 05 14:24:12 2023

Elapsed time was:     00:00:01.04
CPU time was:         00:00:00.11
